<?xml version="1.0" encoding="UTF-8"?>
<testng-results total="1" passed="1" failed="0" skipped="0">
  <reporter-output>
  </reporter-output>
  <suite started-at="2023-11-01T16:32:12Z" name="Default suite" finished-at="2023-11-01T16:32:24Z" duration-ms="11637">
    <groups>
    </groups>
    <test started-at="2023-11-01T16:32:12Z" name="Default test" finished-at="2023-11-01T16:32:24Z" duration-ms="11637">
      <class name="TestJava.NewTest">
        <test-method signature="f()[pri:0, instance:TestJava.NewTest@282cb7c7]" started-at="2023-11-01T16:32:12Z" name="f" finished-at="2023-11-01T16:32:23Z" duration-ms="11606" status="PASS">
        </test-method>
      </class>
    </test>
  </suite>
</testng-results>
